[0.311s] Invoking command in '/home/alin/ros2_ws/src/my_robot_controller': PYTHONPATH=/home/alin/ros2_ws/build/my_robot_controller/prefix_override:/home/alin/ros2_ws/install/my_robot_controller/lib/python3.10/site-packages:${PYTHONPATH} /usr/bin/python3 setup.py egg_info --egg-base ../../build/my_robot_controller build --build-base /home/alin/ros2_ws/build/my_robot_controller/build install --record /home/alin/ros2_ws/build/my_robot_controller/install.log --single-version-externally-managed
[0.416s] running egg_info
[0.416s] creating ../../build/my_robot_controller/my_robot_controller.egg-info
[0.416s] writing ../../build/my_robot_controller/my_robot_controller.egg-info/PKG-INFO
[0.416s] writing dependency_links to ../../build/my_robot_controller/my_robot_controller.egg-info/dependency_links.txt
[0.416s] writing entry points to ../../build/my_robot_controller/my_robot_controller.egg-info/entry_points.txt
[0.416s] writing requirements to ../../build/my_robot_controller/my_robot_controller.egg-info/requires.txt
[0.416s] writing top-level names to ../../build/my_robot_controller/my_robot_controller.egg-info/top_level.txt
[0.417s] writing manifest file '../../build/my_robot_controller/my_robot_controller.egg-info/SOURCES.txt'
[0.417s] reading manifest file '../../build/my_robot_controller/my_robot_controller.egg-info/SOURCES.txt'
[0.418s] writing manifest file '../../build/my_robot_controller/my_robot_controller.egg-info/SOURCES.txt'
[0.418s] running build
[0.418s] running build_py
[0.418s] creating /home/alin/ros2_ws/build/my_robot_controller/build
[0.418s] creating /home/alin/ros2_ws/build/my_robot_controller/build/lib
[0.418s] creating /home/alin/ros2_ws/build/my_robot_controller/build/lib/my_robot_controller
[0.418s] copying my_robot_controller/__init__.py -> /home/alin/ros2_ws/build/my_robot_controller/build/lib/my_robot_controller
[0.418s] running install
[0.419s] running install_lib
[0.419s] /usr/lib/python3/dist-packages/setuptools/command/install.py:34: SetuptoolsDeprecationWarning: setup.py install is deprecated. Use build and pip and other standards-based tools.
[0.419s]   warnings.warn(
[0.419s] creating /home/alin/ros2_ws/install/my_robot_controller/lib/python3.10/site-packages/my_robot_controller
[0.419s] copying /home/alin/ros2_ws/build/my_robot_controller/build/lib/my_robot_controller/__init__.py -> /home/alin/ros2_ws/install/my_robot_controller/lib/python3.10/site-packages/my_robot_controller
[0.419s] byte-compiling /home/alin/ros2_ws/install/my_robot_controller/lib/python3.10/site-packages/my_robot_controller/__init__.py to __init__.cpython-310.pyc
[0.420s] running install_data
[0.420s] creating /home/alin/ros2_ws/install/my_robot_controller/share/ament_index
[0.420s] creating /home/alin/ros2_ws/install/my_robot_controller/share/ament_index/resource_index
[0.420s] creating /home/alin/ros2_ws/install/my_robot_controller/share/ament_index/resource_index/packages
[0.420s] copying resource/my_robot_controller -> /home/alin/ros2_ws/install/my_robot_controller/share/ament_index/resource_index/packages
[0.420s] copying package.xml -> /home/alin/ros2_ws/install/my_robot_controller/share/my_robot_controller
[0.420s] running install_egg_info
[0.421s] Copying ../../build/my_robot_controller/my_robot_controller.egg-info to /home/alin/ros2_ws/install/my_robot_controller/lib/python3.10/site-packages/my_robot_controller-0.0.0-py3.10.egg-info
[0.421s] running install_scripts
[0.433s] writing list of installed files to '/home/alin/ros2_ws/build/my_robot_controller/install.log'
[0.447s] Invoked command in '/home/alin/ros2_ws/src/my_robot_controller' returned '0': PYTHONPATH=/home/alin/ros2_ws/build/my_robot_controller/prefix_override:/home/alin/ros2_ws/install/my_robot_controller/lib/python3.10/site-packages:${PYTHONPATH} /usr/bin/python3 setup.py egg_info --egg-base ../../build/my_robot_controller build --build-base /home/alin/ros2_ws/build/my_robot_controller/build install --record /home/alin/ros2_ws/build/my_robot_controller/install.log --single-version-externally-managed
