[0.352s] Invoking command in '/home/alin/ros2_ws/build/my_robot_controller': PYTHONPATH=/home/alin/ros2_ws/build/my_robot_controller/prefix_override:/home/alin/ros2_ws/install/my_robot_controller/lib/python3.10/site-packages:${PYTHONPATH} /usr/bin/python3 setup.py develop --editable --build-directory /home/alin/ros2_ws/build/my_robot_controller/build --no-deps install_data
[0.482s] running develop
[0.554s] running egg_info
[0.554s] writing my_robot_controller.egg-info/PKG-INFO
[0.554s] writing dependency_links to my_robot_controller.egg-info/dependency_links.txt
[0.555s] writing entry points to my_robot_controller.egg-info/entry_points.txt
[0.555s] writing requirements to my_robot_controller.egg-info/requires.txt
[0.555s] writing top-level names to my_robot_controller.egg-info/top_level.txt
[0.555s] reading manifest file 'my_robot_controller.egg-info/SOURCES.txt'
[0.556s] writing manifest file 'my_robot_controller.egg-info/SOURCES.txt'
[0.557s] running build_ext
[0.557s] Creating /home/alin/ros2_ws/install/my_robot_controller/lib/python3.10/site-packages/my-robot-controller.egg-link (link to .)
[0.558s] Installing draw_circle script to /home/alin/ros2_ws/install/my_robot_controller/lib/my_robot_controller
[0.558s] Installing pose_subscriber script to /home/alin/ros2_ws/install/my_robot_controller/lib/my_robot_controller
[0.558s] Installing publisher script to /home/alin/ros2_ws/install/my_robot_controller/lib/my_robot_controller
[0.558s] Installing subscriber script to /home/alin/ros2_ws/install/my_robot_controller/lib/my_robot_controller
[0.558s] Installing subscriber2 script to /home/alin/ros2_ws/install/my_robot_controller/lib/my_robot_controller
[0.558s] Installing test_node script to /home/alin/ros2_ws/install/my_robot_controller/lib/my_robot_controller
[0.558s] Installing turtle_controller script to /home/alin/ros2_ws/install/my_robot_controller/lib/my_robot_controller
[0.558s] 
[0.558s] Installed /home/alin/ros2_ws/build/my_robot_controller
[0.558s] running install_data
[0.575s] Invoked command in '/home/alin/ros2_ws/build/my_robot_controller' returned '0': PYTHONPATH=/home/alin/ros2_ws/build/my_robot_controller/prefix_override:/home/alin/ros2_ws/install/my_robot_controller/lib/python3.10/site-packages:${PYTHONPATH} /usr/bin/python3 setup.py develop --editable --build-directory /home/alin/ros2_ws/build/my_robot_controller/build --no-deps install_data
