[0.513s] Invoking command in '/home/alin/ros2_ws/build/my_robot_controller': PYTHONPATH=/home/alin/ros2_ws/build/my_robot_controller/prefix_override:/home/alin/ros2_ws/install/my_robot_controller/lib/python3.10/site-packages:${PYTHONPATH} /usr/bin/python3 setup.py develop --editable --build-directory /home/alin/ros2_ws/build/my_robot_controller/build --no-deps install_data
[0.738s] running develop
[0.850s] running egg_info
[0.851s] writing my_robot_controller.egg-info/PKG-INFO
[0.851s] writing dependency_links to my_robot_controller.egg-info/dependency_links.txt
[0.851s] writing entry points to my_robot_controller.egg-info/entry_points.txt
[0.851s] writing requirements to my_robot_controller.egg-info/requires.txt
[0.851s] writing top-level names to my_robot_controller.egg-info/top_level.txt
[0.853s] reading manifest file 'my_robot_controller.egg-info/SOURCES.txt'
[0.853s] writing manifest file 'my_robot_controller.egg-info/SOURCES.txt'
[0.855s] running build_ext
[0.855s] Creating /home/alin/ros2_ws/install/my_robot_controller/lib/python3.10/site-packages/my-robot-controller.egg-link (link to .)
[0.855s] Installing draw_circle script to /home/alin/ros2_ws/install/my_robot_controller/lib/my_robot_controller
[0.856s] Installing pose_subscriber script to /home/alin/ros2_ws/install/my_robot_controller/lib/my_robot_controller
[0.856s] Installing publisher script to /home/alin/ros2_ws/install/my_robot_controller/lib/my_robot_controller
[0.856s] Installing subscriber script to /home/alin/ros2_ws/install/my_robot_controller/lib/my_robot_controller
[0.857s] Installing test_node script to /home/alin/ros2_ws/install/my_robot_controller/lib/my_robot_controller
[0.857s] Installing turtle_controller script to /home/alin/ros2_ws/install/my_robot_controller/lib/my_robot_controller
[0.857s] 
[0.857s] Installed /home/alin/ros2_ws/build/my_robot_controller
[0.857s] running install_data
[0.883s] Invoked command in '/home/alin/ros2_ws/build/my_robot_controller' returned '0': PYTHONPATH=/home/alin/ros2_ws/build/my_robot_controller/prefix_override:/home/alin/ros2_ws/install/my_robot_controller/lib/python3.10/site-packages:${PYTHONPATH} /usr/bin/python3 setup.py develop --editable --build-directory /home/alin/ros2_ws/build/my_robot_controller/build --no-deps install_data
