[0.533s] Invoking command in '/home/alin/ros2_ws/build/my_robot_controller': PYTHONPATH=/home/alin/ros2_ws/build/my_robot_controller/prefix_override:/home/alin/ros2_ws/install/my_robot_controller/lib/python3.10/site-packages:${PYTHONPATH} /usr/bin/python3 setup.py develop --editable --build-directory /home/alin/ros2_ws/build/my_robot_controller/build --no-deps install_data
[0.755s] running develop
[0.877s] running egg_info
[0.877s] writing my_robot_controller.egg-info/PKG-INFO
[0.878s] writing dependency_links to my_robot_controller.egg-info/dependency_links.txt
[0.878s] writing entry points to my_robot_controller.egg-info/entry_points.txt
[0.878s] writing requirements to my_robot_controller.egg-info/requires.txt
[0.878s] writing top-level names to my_robot_controller.egg-info/top_level.txt
[0.879s] reading manifest file 'my_robot_controller.egg-info/SOURCES.txt'
[0.880s] writing manifest file 'my_robot_controller.egg-info/SOURCES.txt'
[0.881s] running build_ext
[0.882s] Creating /home/alin/ros2_ws/install/my_robot_controller/lib/python3.10/site-packages/my-robot-controller.egg-link (link to .)
[0.882s] Installing draw_circle script to /home/alin/ros2_ws/install/my_robot_controller/lib/my_robot_controller
[0.882s] Installing pose_subscriber script to /home/alin/ros2_ws/install/my_robot_controller/lib/my_robot_controller
[0.883s] Installing test_node script to /home/alin/ros2_ws/install/my_robot_controller/lib/my_robot_controller
[0.883s] Installing turtle_controller = my_robot_controller.turtle_controller:mainpublisher_subscriber script to /home/alin/ros2_ws/install/my_robot_controller/lib/my_robot_controller
[0.883s] 
[0.883s] Installed /home/alin/ros2_ws/build/my_robot_controller
[0.883s] running install_data
[0.912s] Invoked command in '/home/alin/ros2_ws/build/my_robot_controller' returned '0': PYTHONPATH=/home/alin/ros2_ws/build/my_robot_controller/prefix_override:/home/alin/ros2_ws/install/my_robot_controller/lib/python3.10/site-packages:${PYTHONPATH} /usr/bin/python3 setup.py develop --editable --build-directory /home/alin/ros2_ws/build/my_robot_controller/build --no-deps install_data
